<?xml version="1.0" encoding="UTF-8"?>
<!-- Generated by org.testng.reporters.JUnitReportReporter -->
<testsuite hostname="DESKTOP-5SM0HKT" failures="0" tests="1" name="TestPage.Assessment" time="86.352" errors="0" timestamp="24 Nov 2022 08:55:22 GMT" skipped="0">
  <testcase classname="TestPage.Assessment" name="techAssessment" time="86.352"/>
</testsuite> <!-- TestPage.Assessment -->
